<?xml version="1.0" encoding="UTF-8"?>
<robot generator="Robot 3.1.2 (Python 3.8.1 on linux)" generated="20200128 11:42:30.300" rpa="false">
<suite id="s1" name="Activate Skynet" source="/home/wcislo/git/rf-runner/testcases/activate_skynet.robot">
<test id="s1-t1" name="Should Activate Skynet">
<kw name="Set Environment Variable" library="OperatingSystem" type="setup">
<doc>Sets an environment variable to a specified value.</doc>
<arguments>
<arg>SKYNET</arg>
<arg>activated</arg>
</arguments>
<msg timestamp="20200128 11:42:30.421" level="INFO">Environment variable 'SKYNET' set to value 'activated'.</msg>
<status status="PASS" starttime="20200128 11:42:30.420" endtime="20200128 11:42:30.422"></status>
</kw>
<kw name="Environment Variable Should Be Set" library="OperatingSystem">
<doc>Fails if the specified environment variable is not set.</doc>
<arguments>
<arg>SKYNET</arg>
</arguments>
<msg timestamp="20200128 11:42:30.423" level="INFO">Environment variable 'SKYNET' is set to 'activated'.</msg>
<status status="PASS" starttime="20200128 11:42:30.422" endtime="20200128 11:42:30.423"></status>
</kw>
<tags>
<tag>smoke</tag>
</tags>
<status status="PASS" starttime="20200128 11:42:30.418" endtime="20200128 11:42:30.423" critical="yes"></status>
</test>
<status status="PASS" starttime="20200128 11:42:30.302" endtime="20200128 11:42:30.426"></status>
</suite>
<statistics>
<total>
<stat pass="1" fail="0">Critical Tests</stat>
<stat pass="1" fail="0">All Tests</stat>
</total>
<tag>
<stat pass="1" fail="0">smoke</stat>
</tag>
<suite>
<stat pass="1" fail="0" id="s1" name="Activate Skynet">Activate Skynet</stat>
</suite>
</statistics>
<errors>
</errors>
</robot>
